2026-03-29T01:13:06.290089 | WindowWatcher: правила {'dev.zed.Zed': 0, 'org.telegram.desktop': 1}
2026-03-29T01:13:06.291045 | AutoDetect: evdev не установлен, модуль не работает
2026-03-29T01:13:14.481373 | Восстановлена раскладка 0 для kitty
2026-03-29T01:13:16.189228 | Восстановлена раскладка 1 для zen
2026-03-29T01:13:17.915922 | Восстановлена раскладка 0 для kitty
2026-03-29T01:13:18.788818 | Восстановлена раскладка 1 для zen
2026-03-29T01:13:41.006895 | Завершение работы
2026-03-29T02:33:01.045630 | WindowWatcher: правила {'dev.zed.Zed': 0, 'org.telegram.desktop': 1}
2026-03-29T02:33:01.057014 | AutoDetect: evdev не установлен, модуль не работает
2026-03-29T02:33:18.480236 | Восстановлена раскладка 0 для kitty
2026-03-29T02:33:20.026376 | Восстановлена раскладка 1 для dev.zed.Zed
2026-03-29T02:33:21.294904 | Восстановлена раскладка 0 для kitty
2026-03-29T02:33:22.458931 | Восстановлена раскладка 1 для dev.zed.Zed
2026-03-29T02:33:24.964310 | Восстановлена раскладка 0 для kitty
2026-03-29T02:33:26.926999 | Восстановлена раскладка 1 для dev.zed.Zed
2026-03-29T02:33:29.484357 | Восстановлена раскладка 0 для kitty
2026-03-29T02:38:26.195134 | Восстановлена раскладка 0 для steam
2026-03-29T02:38:38.337213 | Восстановлена раскладка 1 для dev.zed.Zed
2026-03-29T02:43:29.128259 | Восстановлена раскладка 0 для kitty
2026-03-29T21:38:39.979374 | WindowWatcher: правила {'dev.zed.Zed': 0, 'org.telegram.desktop': 1}
2026-03-29T21:38:39.980027 | AutoDetect: evdev не установлен, модуль не работает
2026-03-29T21:38:44.254842 | Применена раскладка 1 для org.telegram.desktop
2026-03-29T21:38:48.858842 | Применена раскладка 0 для dev.zed.Zed
2026-03-29T21:39:15.438078 | Восстановлена раскладка 1 для org.telegram.desktop
2026-03-29T21:39:40.791346 | Восстановлена раскладка 0 для dev.zed.Zed
2026-03-29T21:39:46.678936 | Восстановлена раскладка 1 для org.telegram.desktop
2026-03-29T21:39:46.997157 | Восстановлена раскладка 0 для dev.zed.Zed
2026-03-29T21:39:48.840017 | Восстановлена раскладка 1 для org.telegram.desktop
2026-03-29T21:39:53.513576 | Восстановлена раскладка 0 для dev.zed.Zed
2026-03-29T21:39:56.924737 | Восстановлена раскладка 1 для org.telegram.desktop
2026-03-29T21:57:59.315934 | Применена раскладка 0 для dev.zed.Zed
2026-03-29T21:57:59.829438 | Восстановлена раскладка 1 для steam
2026-03-29T21:58:16.604641 | Восстановлена раскладка 0 для dev.zed.Zed
2026-03-29T22:01:02.638582 | Восстановлена раскладка 1 для zen
2026-03-29T22:01:07.110620 | Восстановлена раскладка 0 для kitty
2026-03-29T22:01:07.468447 | Восстановлена раскладка 1 для steam
2026-03-29T22:02:03.464137 | Восстановлена раскладка 1 для steam
